# Fix print output for fix pt
1.66666666666667e+22
0.291027539531854
0.270681205476426
0.221757692785193
0.244302114693574
0.244621553673073
0.209193319179527
0.175767953729695
0.157447278448528
0.158319042828056
0.167084428142366
0.180091951111855
0.192658282126292
0.206074740105045
0.203559725397086
0.200318680247207
0.198306249664938
0.200915657575404
0.20516352222088
0.208207488538419
0.204834655695946
0.200692698450576
0.19356889369134
0.188534362367535
0.188000191218253
0.189269338517893
0.189458152050501
0.186900136894321
0.185908358224327
0.190627743838744
0.19725211937273
0.20326445491632
0.208887890026668
0.214602133583349
0.219974856727496
0.223680237973325
0.227596640806802
0.234843327193256
0.243405329011574
0.250472732119979
0.255982376282615
0.258609011039398
0.257421758023713
0.253893910147849
0.248090309795146
0.241545238616663
0.234977362399103
0.228453664963974
0.220767042602862
0.21441034249102
0.20911128054457
0.203881573898086
0.198742896817899
0.194366148648404
0.191137602628954
0.189329975660702
0.188078939802713
0.187860885537859
0.188921251175936
0.189612810785137
0.190296873683677
0.192089586235765
0.193932323177365
0.195454250235618
0.196377013302358
0.197475740488077
0.199544905805596
0.202190986574723
0.204698856458165
0.207235606379616
0.209650148038368
0.210806405444734
0.211973783240247
0.213639796644307
0.215091033836401
0.215427871551451
0.21543744328405
0.216162920107668
0.217571240087701
0.21951523854962
0.221812806311333
0.223758245059637
0.22543136675109
0.227251018224068
0.22883827970493
0.230231158250935
0.231244047940104
0.231242639057819
0.231232882175951
0.23181903343652
0.232901241163176
0.234677719350204
0.236796635212217
0.239089017222389
0.24110734527563
0.242890288027188
0.244400076164816
0.246112756078509
0.24851020608114
0.251372850764214
0.254045208385049
0.256718269862831
0.259222038477493
0.261817390374239
0.264411754043682
0.267031203816559
0.26961673049895
0.271752645368604
0.273318854598304
0.275005121475042
0.27677679775564
0.278493521585082
0.279740703608756
0.280562699481022
0.281196139372342
0.281981870031087
0.282434026831215
0.283139194150174
0.284033553739585
0.284820466839669
0.285148374705797
0.285391835937807
0.285481024257234
0.285442603023488
0.285347432729235
0.285108520315191
0.284938041359395
0.284415599370558
0.283625502535535
0.282767851678137
0.281603622184406
0.280567312408396
0.279467012917179
0.278012766491851
0.276461800042022
0.274900176019722
0.273254269134253
0.271432003654741
0.26950580072151
0.267308671453834
0.265263442141599
0.263419737200676
0.261492474088767
0.259332519686269
0.256925674895988
0.254589941695128
0.252525243883345
0.251111669302
0.249901246472427
0.248429413531306
0.246998054094163
0.245735497368654
0.244761618098219
0.243818234841214
0.242776837611166
0.241807454914921
0.241005331451465
0.240526360899575
0.240190194505891
0.240026259436728
0.240152123208792
0.240484642248175
0.241071298895861
0.241956072747382
0.242968377367631
0.244325302221558
0.245828340259525
0.24748308112243
0.249252199087125
0.250799504777902
0.252460491125376
0.254221312330771
0.255961194108834
0.257301533842587
0.258453259330838
0.259833219619923
0.261289051985577
0.262695812535164
0.264178541227372
0.265698668429796
0.267428718135018
0.269077556708022
0.270734482286561
0.272135133338723
0.273490644983371
0.274838573021123
0.276055465382397
0.277272242157308
0.27856309311027
0.279864182030269
0.281047488435987
0.281990254969459
0.282818205273403
0.283415525836213
0.283923425795568
0.284256287981497
0.284475223167529
0.284699240850859
0.285170187055599
0.285699442355134
0.286136141760897
0.2865272362373
0.286894979631353
0.287226148104351
0.287755584387044
0.28828455661523
0.288739161174034
0.289124358397731
0.289460253764703
0.289793718518861
0.290040854329856
0.290321410283834
0.290630615094522
0.291106690976815
0.291749556012949
0.292213049515436
0.292488020786973
0.292777458737016
0.293167257134427
0.293561121975559
0.293895551290317
0.294330852223967
0.294825305765887
0.295164853317028
0.295344362453476
0.295491495217325
0.295725653061797
0.296077701932215
0.296353042635048
0.29652480859633
0.296588941142131
0.296665542608583
0.296700821376837
0.296588638157709
0.296462687304411
0.296353529192217
0.296258550669989
0.296260630299649
0.296371829185667
0.296513754319245
0.296475889284251
0.296270768364862
0.295839702477395
0.295156144440998
0.294364505891476
0.293357160697584
0.292327123919125
0.291254558320797
0.290278108715823
0.289355178667461
0.288553613623976
0.287830960990675
0.286991805196394
0.286137512916487
0.285333915498928
0.284430014932395
0.283523946361595
0.282700215265815
0.281877848289272
0.281146031235208
0.280499380926403
0.279942706150457
0.279528447796019
0.27911501244267
0.278723141530892
0.278399276972175
0.27813588681833
0.277918073437375
0.277685674637248
0.277375777485663
0.277026989347762
0.276603964853273
0.276148593897124
0.275781207088657
0.275396971676421
0.2748620041325
0.274245578668031
0.273666114691716
0.273005193969107
0.272333418992916
0.271689520054102
0.271007271380141
0.27028927193902
0.269495796822466
0.268648189800786
0.267949191813714
0.267363970257688
0.266832115657501
0.266270859889296
0.265697449409537
0.265068451511839
0.264287495474411
0.263454365513615
0.262653114321099
0.261891768607463
0.26113006235437
0.260384550854779
0.259601142664508
0.258823015563118
0.258036429448336
0.257253156104116
0.256481573235484
0.255758954402602
0.254964802209361
0.254147381807961
0.25328989580109
0.252449441451362
0.251624290858624
0.250795958942942
0.2500140199711
0.249228945798431
0.248441795129491
0.247703925219082
0.247013936934838
0.246449969814196
0.24595269337938
0.245507020466109
0.245042028958822
0.244516530717489
0.244000976583919
0.243484001758972
0.243039792349243
0.24255946552577
0.242082766963994
0.241632047629896
0.241189706520157
0.240848376842884
0.240605208044881
0.240386714580647
0.240100828750915
0.239811623653069
0.239611982593246
0.239399695206365
0.239134020529621
0.238928272992059
0.2387876160109
0.238765265579199
0.238826841136265
0.238899673688073
0.238945247827919
0.238998824251169
0.239115694134775
0.239233002760002
0.239251571516703
0.239285931145876
0.239329923272299
0.239391670814232
0.239520563306304
0.239628577243743
0.239659021173127
0.2397002426834
0.239712651099857
0.239648701540801
0.239530333334907
0.239347519187763
0.23915165316587
0.238918135356055
0.238610771646404
0.23829436549835
0.237947788087825
0.237655354770371
0.237374774878525
0.237074178159986
0.236668021378764
0.236209744123782
0.235814052738165
0.235456516811829
0.23506130135886
0.234648332738677
0.234263853042118
0.233891140882378
0.233600596175428
0.233317014174604
0.233057631163098
0.232832234577993
0.232669808928242
0.232537918769344
0.232424909463837
0.232282903386045
0.232098513734468
0.23188532961533
0.231608052208993
0.231338511875142
0.231097237119581
0.230820099417279
0.230544716609779
0.230223156227344
0.229827581337117
0.229376450347727
0.228922977524324
0.228466000804156
0.22805329640612
0.227625236696025
0.227217743255976
0.226819258775328
0.226431494876741
0.226036069051709
0.22562566844554
0.225238218076091
0.224832936101466
0.224481439571338
0.224187458386693
0.223853405554918
0.223513283312125
0.22320808322628
0.22296022499931
0.222718596615094
0.222487253031197
0.222307242527501
0.222110784395033
0.22186990100462
0.221601831983718
0.221323491965955
0.221067553549375
0.220912208524466
0.220807834410668
0.220750976233229
0.220657284142097
0.220534857695506
0.220381004751482
0.220262968703028
0.220150097463716
0.219991621258209
0.219809794126759
0.219603436261846
0.219352084365493
0.219116176575941
0.218898704392512
0.218681529209003
0.218518416320416
0.218391060283349
0.218238063675392
0.218062253624492
0.217889044288829
0.217692914935714
0.21752156905011
0.217387253907622
0.217192971887287
0.216950173939555
0.216682003106137
0.216493227317874
0.216323460903436
0.216206616596134
0.216098859096544
0.215959287881337
0.215781254638285
0.215571105448548
0.215356033093336
0.215202595622322
0.215025646427662
0.214841104459002
0.21468984275899
0.21459528072931
0.214474047257412
0.214318406870269
0.214098704169852
0.213912754329374
0.213732669249894
0.213547140271873
0.213388525544114
0.213245454592979
0.21309372111824
0.212948657437264
0.212798759308724
0.21262300016609
0.212454900687905
0.212260882796814
0.212052649524749
0.211834051379883
0.211610490474648
0.211384184135565
0.211168809645748
0.21097300522809
0.210721741902775
0.210472278790059
0.210230202127017
0.209993087420279
0.209771513747695
0.209583106189663
0.209429764193639
0.209292778761103
0.209150878087333
0.208969107173622
0.20876204342105
0.208529107675984
0.208324274581777
0.20810964828133
0.207879818929294
0.20765699921636
0.207484835227627
0.207321451420656
0.207186151787211
0.207073121406869
0.206925410416082
0.206731160036218
0.206568890085377
0.206438869909184
0.206300722106966
0.206122771487358
0.205925153998919
0.205729730829452
0.205512668832726
0.205284581236712
0.205095668038014
0.204918830882902
0.204705903886663
0.20447633897531
0.204268373953721
0.204092018746394
0.203942327141687
0.203762117087651
0.20355495619998
0.203354759382318
0.203151465050333
0.202943939516426
0.202759214322764
0.202589021451111
0.202427029567946
0.202268484314117
0.202088754717838
0.201889417948069
0.201699999497362
0.201503925285752
0.201287137626313
0.201035845520659
0.200782863427058
0.20050687234152
0.200226806769983
0.19992540304677
0.199622103435524
0.199338303675607
0.199102400833256
0.198874257020109
0.19863704248636
0.198389347088939
0.198133752649888
0.197894792194803
0.197655624873464
0.197415555074037
0.197162277285033
0.196907132687981
0.196595468328093
0.196293129125346
0.196001692532306
0.195717445314172
0.195401869991714
0.195059580286954
0.194717286310139
0.194386361518937
0.194023884605477
0.1936536836911
0.193300211533753
0.193001250717451
0.192690027104977
0.192349959650658
0.192000292230422
0.191668799395475
0.191343308385677
0.190989870460256
0.190619173220288
0.190278975691431
0.189980787074533
0.189683587403452
0.189365371411644
0.189057441700082
0.188739334056585
0.188438459137286
0.188168012142096
0.187900192330758
0.187588613181981
0.18727545898145
0.186967788447048
0.186672738628231
0.186368667135436
0.186037424089462
0.185708149161791
0.185371287737511
0.185024245465326
0.184687627123728
0.184334237916371
0.183964340013942
0.183607201601878
0.183231060950911
0.182878148906113
0.182531353893115
0.182182392555052
0.181810700102272
0.181427149997688
0.181043335593318
0.18063691043735
0.18022461606499
0.179824517986295
0.17942657261928
0.179025687921122
0.178599272351319
0.178152472309939
0.177691866104298
0.177217753687131
0.176757882343183
0.176306227420065
0.175876072612755
0.175445408862871
0.175025442251188
0.174627620878787
0.174248514817179
0.173890704881797
0.173523555573627
0.173149578078875
0.172757213276787
0.17236561875341
0.17196388071614
0.171564684330527
0.171195123303216
0.170833475992741
0.170453913509923
0.170059317616737
0.169668168538739
0.169288089658934
0.168932122556543
0.168577079808225
0.168229080160336
0.167887412771767
0.167549881577849
0.167212307350133
0.166867079805625
0.166504770536933
0.166109677676641
0.16573598387551
0.165363278484692
0.164986001419819
0.164597640377525
0.164207037816281
0.163817302922174
0.163427733099066
0.16302530917372
0.162620288102249
0.162205658403046
0.161788340884223
0.161375815625617
0.160962015086635
0.160545190892804
0.160129860908145
0.159728703442962
0.159350685059407
0.158983994216882
0.158617762235499
0.158232505006704
0.157859885494681
0.157474520751746
0.157084719585624
0.156705724979132
0.156338665213162
0.155994659963042
0.15568012230933
0.155364052884679
0.15502077305958
0.15466164916207
0.15429475106597
0.153924589682925
0.153536620059804
0.153151677926746
0.152774995008296
0.152405097251582
0.152046628483202
0.151690200804274
0.151331973689999
0.15101257586967
0.150714853730669
0.150412260528525
0.150079668006961
0.149750893836987
0.149416659520862
0.149073548006964
0.148725371400179
0.148390520301493
0.148049617253634
0.147715966242785
0.14738984697799
0.147064717213257
0.146737871666782
0.146417081979452
0.14610578902742
0.14579113400105
0.145499880465179
0.145199580123422
0.144900542474395
0.144608799945932
0.144309465728692
0.143990865814448
0.143673542925426
0.143363600467416
0.143041256595911
0.142729977604515
0.142434877466611
0.142143337925997
0.141844880376553
0.141529422504508
0.14120792325304
0.140880269371898
0.140547259143924
0.140212709039076
0.139878636965579
0.139558180347428
0.139222241163379
0.138884021195197
0.13857131347043
0.138272107454071
0.137956205316755
0.137648487660581
0.137355106920164
0.137045098328349
0.13674198687026
0.136450806950964
0.136158120263565
0.135839579664869
0.135504536115425
0.135175706972149
0.134838628367416
0.13450158932991
0.134171788741987
0.133860478918113
0.13356152609852
0.133283712862269
0.133004216061784
0.132728581827173
0.132451182708102
0.132174894553246
0.131896754099599
0.131618165114133
0.131335878310687
0.131057164406144
0.130779057874331
0.130494717820152
0.130211490972562
0.129930761697002
0.129649893659981
0.129365376368359
0.129089075964184
0.128821441532098
0.128540699071067
0.128259493905465
0.127983466989373
0.127730708999335
0.127486496261896
0.127241099546884
0.126995921805899
0.126748147729308
0.126506280582396
0.126269433186979
0.126042986489176
0.125819007301002
0.125586255939086
0.12536705428678
0.125134898744073
0.124898607789307
0.124667341837427
0.124424806167456
0.124184349365718
0.123946211551199
0.123723018566814
0.123507549763174
0.123302196863571
0.123107409924412
0.122931109638184
0.122774836640613
0.122610468218568
0.12243697379121
0.122263711280541
0.12209762438883
0.121948315166952
0.121806964124847
0.12166865152873
0.121539326817742
0.121423576765022
0.121319076617064
0.12120982946792
0.121100688591702
0.120999603275791
0.120899059558762
0.12079386483655
0.120672319047906
0.120554376410884
0.120451855491652
0.120334464886176
0.120201338019341
0.120073376670983
0.119939582829467
0.119804392972868
0.119665470324885
0.119497925332038
0.119307491396259
0.119109102510732
0.118926028817608
0.118743432087452
0.118541712761822
0.118337993930808
0.118144533813239
0.117950076748865
0.117753026498143
0.117550621291123
0.117340224888576
0.117122511042855
0.116897842140169
0.116670113361063
0.11645230578201
0.116245887814925
0.116040864009753
0.115835686845687
0.115645960654304
0.115464601758014
0.115298016279653
0.115146125540698
0.11498497672599
0.114800820308271
0.114611991635583
0.114421032386629
0.114225342342482
0.114030606132335
0.113841839229147
0.113658516544093
0.113487075822582
0.113313879260395
0.113133079862428
0.112955389300379
0.112764060702283
0.112560628865754
0.112364140423993
0.112176531279415
0.112000242742221
0.111842116047944
0.111697021462109
0.111550765005973
0.111397242951446
0.11124999524715
0.111099059971721
0.110938277711013
0.110782257873809
0.110632747316761
0.110489712245111
0.110346138241727
0.110185504203713
0.110012865851229
0.109846183040884
0.109682157007304
0.109523180880649
0.109381499664984
0.10925714769648
0.109140405624908
0.109027868737149
0.108915201969183
0.108794306106778
0.108681738077408
0.108592575236282
0.108510412537368
0.10841521486244
0.10832068142125
0.108227135650491
0.108138978275282
0.108052683789577
0.107976898196917
0.107886902646843
0.107803138630575
0.107732513932816
0.107665088486414
0.107607100393518
0.107547523003221
0.107485094444265
0.10742144389454
0.107360578750145
0.107312087472144
0.107281469772672
0.10726638252204
0.107251088851088
0.107234840495522
0.107221366835103
0.107201936803772
0.107190771317147
0.107191932222125
0.107201207266953
0.107231146555388
0.107262077170287
0.107281002496893
0.107304645365637
0.107328420728625
0.107350163176954
0.107361681971931
0.107354927344743
0.107338473500051
0.107319193618622
0.107301749352725
0.107301006321135
0.107297161808164
0.107290928279401
0.107287049680886
0.107276173243365
0.107257808563149
0.107234451354247
0.107205157792449
0.107181635325177
0.107181453060064
0.107203472697639
0.107238020666193
0.107282031184667
0.107330822842825
0.10736844204214
0.10739760614944
0.107422999327798
0.107440167884365
0.107469972267684
0.107517453860776
0.107572458768403
0.107616969633607
0.107659427471309
0.107693463108259
0.107719572967071
0.107738705466914
0.107758757667526
0.10777099147121
0.107772458095273
0.107760641645167
0.107744992904251
0.107737364950921
0.107741737182411
0.107745685215763
0.107745917732941
0.107749703626396
0.107753700991691
0.107771701953869
0.107803639073762
0.107827871460207
0.107841797522053
0.107860788901374
0.107881331342867
0.107921635993845
0.107966739828594
0.108000681983046
0.108038263271153
0.108089746392321
0.108144271193204
0.108189823810379
0.108223291728992
0.108249086886717
0.108254725115805
0.108261583258588
0.108267830725443
0.108267092526569
0.108262319142225
0.108253921912081
0.108231438986741
0.108203953973857
0.108170691146465
0.10814580881596
0.10812468676223
0.108121844600631
0.108129777859211
0.108132377692082
0.108127593076365
0.10811239068482
0.108095605228
0.108086275678361
0.108092643942678
0.10810954848419
0.108139256763316
0.108171060550558
0.108206111579498
0.108243452236145
0.108292107746652
0.108349197706673
0.108420469729547
0.10849837348397
0.108561187758067
0.108620344680754
0.108691009541101
0.108771382095791
0.108847640668284
0.108928441071151
0.109009199686265
0.109090767912271
0.109180378622119
0.109265637165825
0.109346830249717
0.10943099715004
0.10952414899808
0.109617598685397
0.109704175201841
0.109781272734087
0.109848694330086
0.109907623781514
0.109950029029378
0.109986173104547
0.110019511250108
0.110061811656417
0.110106118891599
0.110144272613746
0.110168884109881
0.11019633321966
0.110226067911554
0.110253064486251
0.110276134481416
0.110295102751844
0.11030462121933
